c:\users\gabon\source\repos\ex1\son\debug\vc141.pdb
c:\users\gabon\source\repos\ex1\son\debug\vc141.idb
c:\users\gabon\source\repos\ex1\son\debug\main.obj
c:\users\gabon\source\repos\ex1\debug\son.pdb
c:\users\gabon\source\repos\ex1\son\debug\son.tlog\cl.command.1.tlog
c:\users\gabon\source\repos\ex1\son\debug\son.tlog\cl.read.1.tlog
c:\users\gabon\source\repos\ex1\son\debug\son.tlog\cl.write.1.tlog
c:\users\gabon\source\repos\ex1\son\debug\son.tlog\link-cvtres.read.1.tlog
c:\users\gabon\source\repos\ex1\son\debug\son.tlog\link-cvtres.write.1.tlog
c:\users\gabon\source\repos\ex1\son\debug\son.tlog\link-rc.read.1.tlog
c:\users\gabon\source\repos\ex1\son\debug\son.tlog\link-rc.write.1.tlog
c:\users\gabon\source\repos\ex1\son\debug\son.tlog\link.10988-cvtres.read.1.tlog
c:\users\gabon\source\repos\ex1\son\debug\son.tlog\link.10988-cvtres.write.1.tlog
c:\users\gabon\source\repos\ex1\son\debug\son.tlog\link.10988-rc.read.1.tlog
c:\users\gabon\source\repos\ex1\son\debug\son.tlog\link.10988-rc.write.1.tlog
c:\users\gabon\source\repos\ex1\son\debug\son.tlog\link.10988.read.1.tlog
c:\users\gabon\source\repos\ex1\son\debug\son.tlog\link.10988.write.1.tlog
c:\users\gabon\source\repos\ex1\son\debug\son.tlog\link.command.1.tlog
c:\users\gabon\source\repos\ex1\son\debug\son.tlog\link.read.1.tlog
c:\users\gabon\source\repos\ex1\son\debug\son.tlog\link.write.1.tlog
